Arguments: 
  C:\Program Files\nodejs\node.exe C:\Users\Administrator\AppData\Roaming\npm\node_modules\yarn\bin\yarn.js add package.json

PATH: 
  C:\ProgramData\Oracle\Java\javapath;C:\Windows\system32;C:\Windows;C:\Windows\System32\Wbem;C:\Windows\System32\WindowsPowerShell\v1.0\;C:\Windows\System32\OpenSSH\;C:\Program Files\dotnet\;C:\Program Files (x86)\Intel\Intel(R) Management Engine Components\DAL;C:\Program Files\Intel\Intel(R) Management Engine Components\DAL;C:\Program Files\Git\cmd;C:\Program Files\nodejs\;C:\Users\Administrator\AppData\Local\Microsoft\WindowsApps;D:\Microsoft VS Code\bin;C:\Users\Administrator\AppData\Local\GitHubDesktop\bin;C:\Users\Administrator\AppData\Roaming\npm

Yarn version: 
  1.22.19

Node version: 
  18.14.2

Platform: 
  win32 x64

Trace: 
  Error: connect EHOSTUNREACH 2606:4700::6810:1923:443
      at TCPConnectWrap.afterConnect [as oncomplete] (node:net:1494:16)

npm manifest: 
  {
    "name": "react-ts-jobify",
    "private": true,
    "version": "0.0.0",
    "type": "module",
    "scripts": {
      "dev": "vite",
      "build": "tsc && vite build",
      "lint": "eslint src --ext ts,tsx --report-unused-disable-directives --max-warnings 0",
      "preview": "vite preview"
    },
    "dependencies": {
      "@reduxjs/toolkit": "^1.9.5",
      "axios": "^1.4.0",
      "package.json": "^2.0.1",
      "react": "^18.2.0",
      "react-dom": "^18.2.0",
      "react-redux": "^8.0.5",
      "react-router-dom": "^6.11.1"
    },
    "devDependencies": {
      "@types/react": "^18.2.6",
      "@types/react-dom": "^18.0.11",
      "@typescript-eslint/eslint-plugin": "^5.57.1",
      "@typescript-eslint/parser": "^5.57.1",
      "@vitejs/plugin-react": "^4.0.0",
      "eslint": "^8.38.0",
      "eslint-plugin-react-hooks": "^4.6.0",
      "eslint-plugin-react-refresh": "^0.3.4",
      "typescript": "^5.0.2",
      "vite": "^4.3.2"
    }
  }

yarn manifest: 
  No manifest

Lockfile: 
  No lockfile
